<?xml version='1.0' encoding='UTF-8'?>
<testsuite hostname="pawel" name="example.ListsSuite" tests="13" errors="0" failures="0" time="0.015">
                     <properties>
[...]
</properties>
                     <testcase classname="example.ListsSuite" name="one plus one is two" time="0.015">
                                                 
                                               </testcase><testcase classname="example.ListsSuite" name="one plus one is three?" time="0.0">
                                                 
                                               </testcase><testcase classname="example.ListsSuite" name="details why one plus one is not three" time="0.0">
                                                 
                                               </testcase><testcase classname="example.ListsSuite" name="intNotZero throws an exception if its argument is 0" time="0.0">
                                                 
                                               </testcase><testcase classname="example.ListsSuite" name="sum of a few numbers" time="0.0">
                                                 
                                               </testcase><testcase classname="example.ListsSuite" name="sum of an empty list" time="0.0">
                                                 
                                               </testcase><testcase classname="example.ListsSuite" name="one element" time="0.0">
                                                 
                                               </testcase><testcase classname="example.ListsSuite" name="repeated elements" time="0.0">
                                                 
                                               </testcase><testcase classname="example.ListsSuite" name="max of a few numbers" time="0.0">
                                                 
                                               </testcase><testcase classname="example.ListsSuite" name="max of a few more numbers" time="0.0">
                                                 
                                               </testcase><testcase classname="example.ListsSuite" name="max of only negative numbers" time="0.0">
                                                 
                                               </testcase><testcase classname="example.ListsSuite" name="max of zeros" time="0.0">
                                                 
                                               </testcase><testcase classname="example.ListsSuite" name="throws an NoSuchElementException if list is empty" time="0.0">
                                                 
                                               </testcase>
                     <system-out></system-out>
                     <system-err></system-err>
                   </testsuite>