<?xml version='1.0' encoding='UTF-8'?>
<testsuite hostname="pawel" name="recfun.BalanceRecSuite" tests="5" errors="0" failures="0" time="0.015">
                     <properties>
[...]
</properties>
                     <testcase classname="recfun.BalanceRecSuite" name="balance: '(if (zero? x) max (/ 1 x))' is balanced" time="0.015">
                                                 
                                               </testcase><testcase classname="recfun.BalanceRecSuite" name="' is balanced" time="0.0">
                                                 
                                               </testcase><testcase classname="recfun.BalanceRecSuite" name="balance: ':-)' is unbalanced" time="0.0">
                                                 
                                               </testcase><testcase classname="recfun.BalanceRecSuite" name="balance: counting is not enough" time="0.0">
                                                 
                                               </testcase><testcase classname="recfun.BalanceRecSuite" name="empty string" time="0.0">
                                                 
                                               </testcase>
                     <system-out></system-out>
                     <system-err></system-err>
                   </testsuite>